<?xml version="1.0" encoding="UTF-8"?>
<!-- Generated by org.testng.reporters.JUnitReportReporter -->
<testsuite hostname="Kasi" failures="0" tests="1" name="testcases.TC001_AccountRegistration" time="2.136" errors="0" timestamp="2025-04-18T11:34:28 IST" skipped="0">
  <testcase classname="testcases.TC001_AccountRegistration" name="acc_registration" time="2.136"/>
</testsuite> <!-- testcases.TC001_AccountRegistration -->
