<?xml version="1.0" encoding="UTF-8"?>
<!-- Generated by org.testng.reporters.JUnitReportReporter -->
<testsuite hostname="Kasi" failures="0" tests="1" name="testcases.TC002_LoginTest" time="1.574" errors="0" timestamp="2025-04-18T11:34:28 IST" skipped="0">
  <testcase classname="testcases.TC002_LoginTest" name="login_application" time="1.574"/>
</testsuite> <!-- testcases.TC002_LoginTest -->
